<?xml version="1.0" encoding="UTF-8"?>
<testng-results total="4" passed="4" failed="0" skipped="0">
  <reporter-output>
  </reporter-output>
  <suite started-at="2024-06-22T20:12:10Z" name="Test Suite for Buildout" finished-at="2024-06-22T20:12:50Z" duration-ms="39952">
    <groups>
    </groups>
    <test started-at="2024-06-22T20:12:10Z" name="Test Cases for Buildout" finished-at="2024-06-22T20:12:50Z" duration-ms="39952">
      <class name="demo.TestCases">
        <test-method is-config="true" signature="startBrowser()[pri:0, instance:demo.TestCases@52045dbe]" started-at="2024-06-23T01:42:10Z" name="startBrowser" finished-at="2024-06-23T01:42:12Z" duration-ms="2378" status="PASS">
          <reporter-output>
          </reporter-output>
        </test-method> <!-- startBrowser -->
        <test-method signature="testCase01()[pri:0, instance:demo.TestCases@52045dbe]" started-at="2024-06-23T01:42:12Z" name="testCase01" finished-at="2024-06-23T01:42:27Z" duration-ms="14872" status="PASS">
          <reporter-output>
          </reporter-output>
        </test-method> <!-- testCase01 -->
        <test-method signature="testCase02()[pri:0, instance:demo.TestCases@52045dbe]" started-at="2024-06-23T01:42:27Z" name="testCase02" finished-at="2024-06-23T01:42:42Z" duration-ms="15314" status="PASS">
          <reporter-output>
          </reporter-output>
        </test-method> <!-- testCase02 -->
        <test-method signature="testCase03()[pri:0, instance:demo.TestCases@52045dbe]" started-at="2024-06-23T01:42:42Z" name="testCase03" finished-at="2024-06-23T01:42:48Z" duration-ms="5681" status="PASS">
          <reporter-output>
          </reporter-output>
        </test-method> <!-- testCase03 -->
        <test-method signature="testCase05()[pri:0, instance:demo.TestCases@52045dbe]" started-at="2024-06-23T01:42:48Z" name="testCase05" finished-at="2024-06-23T01:42:49Z" duration-ms="1273" status="PASS">
          <reporter-output>
          </reporter-output>
        </test-method> <!-- testCase05 -->
        <test-method is-config="true" signature="endTest()[pri:0, instance:demo.TestCases@52045dbe]" started-at="2024-06-23T01:42:49Z" name="endTest" finished-at="2024-06-23T01:42:50Z" duration-ms="416" status="PASS">
          <reporter-output>
          </reporter-output>
        </test-method> <!-- endTest -->
      </class> <!-- demo.TestCases -->
    </test> <!-- Test Cases for Buildout -->
  </suite> <!-- Test Suite for Buildout -->
</testng-results>
